[debug] [2020-10-05T18:27:00.670Z] ----------------------------------------------------------------------
[debug] [2020-10-05T18:27:00.672Z] Command:       /usr/bin/node /usr/local/bin/firebase deploy
[debug] [2020-10-05T18:27:00.673Z] CLI Version:   8.11.2
[debug] [2020-10-05T18:27:00.673Z] Platform:      linux
[debug] [2020-10-05T18:27:00.673Z] Node Version:  v10.19.0
[debug] [2020-10-05T18:27:00.673Z] Time:          Mon Oct 05 2020 13:27:00 GMT-0500 (Central Daylight Time)
[debug] [2020-10-05T18:27:00.673Z] ----------------------------------------------------------------------
[debug] [2020-10-05T18:27:00.673Z] 
[debug] [2020-10-05T18:27:00.680Z] > command requires scopes: ["email","openid","https://www.googleapis.com/auth/cloudplatformprojects.readonly","https://www.googleapis.com/auth/firebase","https://www.googleapis.com/auth/cloud-platform"]
[debug] [2020-10-05T18:27:00.681Z] > authorizing via signed-in user
[debug] [2020-10-05T18:27:00.681Z] [iam] checking project find-waldo-8be9b for permissions ["datastore.indexes.create","datastore.indexes.delete","datastore.indexes.list","datastore.indexes.update","firebase.projects.get","firebasedatabase.instances.update","firebasehosting.sites.update"]
[debug] [2020-10-05T18:27:00.684Z] >>> HTTP REQUEST POST https://cloudresourcemanager.googleapis.com/v1/projects/find-waldo-8be9b:testIamPermissions  
 {"permissions":["datastore.indexes.create","datastore.indexes.delete","datastore.indexes.list","datastore.indexes.update","firebase.projects.get","firebasedatabase.instances.update","firebasehosting.sites.update"]}
[debug] [2020-10-05T18:27:01.123Z] <<< HTTP RESPONSE 200 {"content-type":"application/json; charset=UTF-8","vary":"X-Origin, Referer, Origin,Accept-Encoding","date":"Mon, 05 Oct 2020 18:27:01 GMT","server":"ESF","cache-control":"private","x-xss-protection":"0","x-frame-options":"SAMEORIGIN","x-content-type-options":"nosniff","server-timing":"gfet4t7; dur=48","alt-svc":"h3-Q050=\":443\"; ma=2592000,h3-29=\":443\"; ma=2592000,h3-27=\":443\"; ma=2592000,h3-T051=\":443\"; ma=2592000,h3-T050=\":443\"; ma=2592000,h3-Q046=\":443\"; ma=2592000,h3-Q043=\":443\"; ma=2592000,quic=\":443\"; ma=2592000; v=\"46,43\"","accept-ranges":"none","transfer-encoding":"chunked"}
[debug] [2020-10-05T18:27:01.129Z] >>> HTTP REQUEST GET https://firebase.googleapis.com/v1beta1/projects/find-waldo-8be9b  
 
[debug] [2020-10-05T18:27:01.595Z] <<< HTTP RESPONSE 200 {"content-type":"application/json; charset=UTF-8","vary":"X-Origin, Referer, Origin,Accept-Encoding","date":"Mon, 05 Oct 2020 18:27:01 GMT","server":"ESF","cache-control":"private","x-xss-protection":"0","x-frame-options":"SAMEORIGIN","x-content-type-options":"nosniff","alt-svc":"h3-Q050=\":443\"; ma=2592000,h3-29=\":443\"; ma=2592000,h3-27=\":443\"; ma=2592000,h3-T051=\":443\"; ma=2592000,h3-T050=\":443\"; ma=2592000,h3-Q046=\":443\"; ma=2592000,h3-Q043=\":443\"; ma=2592000,quic=\":443\"; ma=2592000; v=\"46,43\"","accept-ranges":"none","transfer-encoding":"chunked"}
[info] 
[info] === Deploying to 'find-waldo-8be9b'...
[info] 
[info] i  deploying database, firestore, hosting 
[info] i  database: checking rules syntax... 
[debug] [2020-10-05T18:27:01.611Z] >>> HTTP REQUEST PUT https://find-waldo-8be9b.firebaseio.com/.settings/rules.json?dryRun=true  
 {
  /* Visit https://firebase.google.com/docs/database/security to learn more about security rules. */
  "rules": {
    ".read": false,
    ".write": false
  }
}
[debug] [2020-10-05T18:27:02.492Z] <<< HTTP RESPONSE 423 {"server":"nginx","date":"Mon, 05 Oct 2020 18:27:01 GMT","content-type":"application/json; charset=utf-8","content-length":"98","connection":"keep-alive","access-control-allow-origin":"*","cache-control":"no-cache","strict-transport-security":"max-age=31556926; includeSubDomains; preload"}
[debug] [2020-10-05T18:27:02.492Z] <<< HTTP RESPONSE BODY {
  "error" : "The Firebase database 'find-waldo-8be9b' has been disabled by a database owner."
}

[error] 
[error] Error: Unexpected error while deploying database rules.
